Command line invocation:
    /Applications/Xcode.app/Contents/Developer/usr/bin/xcodebuild -workspace NimbleEdgeAssistant.xcworkspace -scheme NimbleEdgeAssistant -destination id=0A6913C4-12DB-4112-AA76-B9E0753ED305 build

--- xcodebuild: WARNING: Using the first of multiple matching destinations:
{ platform:iOS Simulator, arch:arm64, id:0A6913C4-12DB-4112-AA76-B9E0753ED305, OS:18.6, name:iPhone 16 Pro }
{ platform:iOS Simulator, arch:x86_64, id:0A6913C4-12DB-4112-AA76-B9E0753ED305, OS:18.6, name:iPhone 16 Pro }
ComputePackagePrebuildTargetDependencyGraph

Prepare packages

CreateBuildRequest

SendProjectDescription

CreateBuildOperation

ComputeTargetDependencyGraph
note: Building targets in dependency order
note: Target dependency graph (9 targets)
    Target 'NimbleEdgeAssistant' in project 'NimbleEdgeAssistant'
        ➜ Implicit dependency on target 'Pods-NimbleEdgeAssistant' in project 'Pods' via file 'Pods_NimbleEdgeAssistant.framework' in build phase 'Link Binary'
        ➜ Implicit dependency on target 'Alamofire' in project 'Pods' via options '-framework Alamofire' in build setting 'OTHER_LDFLAGS'
        ➜ Implicit dependency on target 'DeliteAI' in project 'Pods' via options '-framework DeliteAI' in build setting 'OTHER_LDFLAGS'
        ➜ Implicit dependency on target 'SwiftProtobuf' in project 'Pods' via options '-framework SwiftProtobuf' in build setting 'OTHER_LDFLAGS'
    Target 'Pods-NimbleEdgeAssistant' in project 'Pods'
        ➜ Explicit dependency on target 'Alamofire' in project 'Pods'
        ➜ Explicit dependency on target 'DeliteAI' in project 'Pods'
        ➜ Explicit dependency on target 'PLCrashReporter' in project 'Pods'
        ➜ Explicit dependency on target 'SwiftProtobuf' in project 'Pods'
    Target 'DeliteAI' in project 'Pods'
        ➜ Explicit dependency on target 'Alamofire' in project 'Pods'
        ➜ Explicit dependency on target 'PLCrashReporter' in project 'Pods'
        ➜ Explicit dependency on target 'SwiftProtobuf' in project 'Pods'
    Target 'SwiftProtobuf' in project 'Pods'
        ➜ Explicit dependency on target 'SwiftProtobuf-SwiftProtobuf' in project 'Pods'
    Target 'SwiftProtobuf-SwiftProtobuf' in project 'Pods' (no dependencies)
    Target 'PLCrashReporter' in project 'Pods'
        ➜ Explicit dependency on target 'PLCrashReporter-PLCrashReporter' in project 'Pods'
    Target 'PLCrashReporter-PLCrashReporter' in project 'Pods' (no dependencies)
    Target 'Alamofire' in project 'Pods'
        ➜ Explicit dependency on target 'Alamofire-Alamofire' in project 'Pods'
    Target 'Alamofire-Alamofire' in project 'Pods' (no dependencies)

GatherProvisioningInputs

CreateBuildDescription

ExecuteExternalTool /Applications/Xcode.app/Contents/Developer/Toolchains/XcodeDefault.xctoolchain/usr/bin/clang -v -E -dM -arch arm64 -isysroot /Applications/Xcode.app/Contents/Developer/Platforms/iPhoneSimulator.platform/Developer/SDKs/iPhoneSimulator18.5.sdk -x c -c /dev/null

ExecuteExternalTool /Applications/Xcode.app/Contents/Developer/Toolchains/XcodeDefault.xctoolchain/usr/bin/clang -v -E -dM -isysroot /Applications/Xcode.app/Contents/Developer/Platforms/iPhoneSimulator.platform/Developer/SDKs/iPhoneSimulator18.5.sdk -x c -c /dev/null

ExecuteExternalTool /Applications/Xcode.app/Contents/Developer/usr/bin/actool --print-asset-tag-combinations --output-format xml1 /Users/krishsharma/Downloads/deliteAI/NimbleEdgeAssistant.app/NimbleEdgeAssistant/Preview Content/Preview Assets.xcassets /Users/krishsharma/Downloads/deliteAI/NimbleEdgeAssistant.app/NimbleEdgeAssistant/Assets.xcassets

ExecuteExternalTool /Applications/Xcode.app/Contents/Developer/Toolchains/XcodeDefault.xctoolchain/usr/bin/clang -v -E -dM -arch arm64 -isysroot /Applications/Xcode.app/Contents/Developer/Platforms/iPhoneSimulator.platform/Developer/SDKs/iPhoneSimulator18.5.sdk -x objective-c -c /dev/null

ExecuteExternalTool /Applications/Xcode.app/Contents/Developer/Toolchains/XcodeDefault.xctoolchain/usr/bin/swiftc --version

ExecuteExternalTool /Applications/Xcode.app/Contents/Developer/Toolchains/XcodeDefault.xctoolchain/usr/bin/libtool -V

ExecuteExternalTool /Applications/Xcode.app/Contents/Developer/usr/bin/actool --version --output-format xml1

ExecuteExternalTool /Applications/Xcode.app/Contents/Developer/Toolchains/XcodeDefault.xctoolchain/usr/bin/ld -version_details

Build description signature: b4bb47491fb4cab9498c2fe7c9667c8e
Build description path: /Users/krishsharma/Library/Developer/Xcode/DerivedData/NimbleEdgeAssistant-emwarzxnolejvofabqxncqwtytol/Build/Intermediates.noindex/XCBuildData/b4bb47491fb4cab9498c2fe7c9667c8e.xcbuilddata
ClangStatCache /Applications/Xcode.app/Contents/Developer/Toolchains/XcodeDefault.xctoolchain/usr/bin/clang-stat-cache /Applications/Xcode.app/Contents/Developer/Platforms/iPhoneSimulator.platform/Developer/SDKs/iPhoneSimulator18.5.sdk /Users/krishsharma/Library/Developer/Xcode/DerivedData/SDKStatCaches.noindex/iphonesimulator18.5-22F76-d5fc8ad4295d2ef488fb7d0f804ce0c4.sdkstatcache
    cd /Users/krishsharma/Downloads/deliteAI
    /Applications/Xcode.app/Contents/Developer/Toolchains/XcodeDefault.xctoolchain/usr/bin/clang-stat-cache /Applications/Xcode.app/Contents/Developer/Platforms/iPhoneSimulator.platform/Developer/SDKs/iPhoneSimulator18.5.sdk -o /Users/krishsharma/Library/Developer/Xcode/DerivedData/SDKStatCaches.noindex/iphonesimulator18.5-22F76-d5fc8ad4295d2ef488fb7d0f804ce0c4.sdkstatcache

ProcessInfoPlistFile /Users/krishsharma/Library/Developer/Xcode/DerivedData/NimbleEdgeAssistant-emwarzxnolejvofabqxncqwtytol/Build/Products/Debug-iphonesimulator/PLCrashReporter/PLCrashReporter.bundle/Info.plist /Users/krishsharma/Downloads/deliteAI/Pods/Target\ Support\ Files/PLCrashReporter/ResourceBundle-PLCrashReporter-PLCrashReporter-Info.plist (in target 'PLCrashReporter-PLCrashReporter' from project 'Pods')
    cd /Users/krishsharma/Downloads/deliteAI/Pods
    builtin-infoPlistUtility /Users/krishsharma/Downloads/deliteAI/Pods/Target\ Support\ Files/PLCrashReporter/ResourceBundle-PLCrashReporter-PLCrashReporter-Info.plist -producttype com.apple.product-type.bundle -expandbuildsettings -format binary -platform iphonesimulator -o /Users/krishsharma/Library/Developer/Xcode/DerivedData/NimbleEdgeAssistant-emwarzxnolejvofabqxncqwtytol/Build/Products/Debug-iphonesimulator/PLCrashReporter/PLCrashReporter.bundle/Info.plist

PhaseScriptExecution [CP]\ Copy\ XCFrameworks /Users/krishsharma/Library/Developer/Xcode/DerivedData/NimbleEdgeAssistant-emwarzxnolejvofabqxncqwtytol/Build/Intermediates.noindex/Pods.build/Debug-iphonesimulator/PLCrashReporter.build/Script-D7CE3EBDC139C76FDE7840D045399F87.sh (in target 'PLCrashReporter' from project 'Pods')
    cd /Users/krishsharma/Downloads/deliteAI/Pods
    /bin/sh -c /Users/krishsharma/Library/Developer/Xcode/DerivedData/NimbleEdgeAssistant-emwarzxnolejvofabqxncqwtytol/Build/Intermediates.noindex/Pods.build/Debug-iphonesimulator/PLCrashReporter.build/Script-D7CE3EBDC139C76FDE7840D045399F87.sh
Selected xcframework slice ios-arm64_x86_64-simulator
rsync --delete -av --filter P .*.?????? --links --filter "- CVS/" --filter "- .svn/" --filter "- .git/" --filter "- .hg/" "/Users/krishsharma/Downloads/deliteAI/Pods/PLCrashReporter/CrashReporter.xcframework/ios-arm64_x86_64-simulator/*" "/Users/krishsharma/Library/Developer/Xcode/DerivedData/NimbleEdgeAssistant-emwarzxnolejvofabqxncqwtytol/Build/Products/Debug-iphonesimulator/XCFrameworkIntermediates/PLCrashReporter"
Transfer starting: 35 files

sent 2783 bytes  received 20 bytes  1334761 bytes/sec
total size is 4265602  speedup is 1521.80
Copied /Users/krishsharma/Downloads/deliteAI/Pods/PLCrashReporter/CrashReporter.xcframework/ios-arm64_x86_64-simulator to /Users/krishsharma/Library/Developer/Xcode/DerivedData/NimbleEdgeAssistant-emwarzxnolejvofabqxncqwtytol/Build/Products/Debug-iphonesimulator/XCFrameworkIntermediates/PLCrashReporter

ProcessProductPackaging "" /Users/krishsharma/Library/Developer/Xcode/DerivedData/NimbleEdgeAssistant-emwarzxnolejvofabqxncqwtytol/Build/Intermediates.noindex/NimbleEdgeAssistant.build/Debug-iphonesimulator/NimbleEdgeAssistant.build/NimbleEdgeAssistant.app-Simulated.xcent (in target 'NimbleEdgeAssistant' from project 'NimbleEdgeAssistant')
    cd /Users/krishsharma/Downloads/deliteAI/NimbleEdgeAssistant.app
    
    Entitlements:
    
    {
    "application-identifier" = "UKLPH83F29.ai.delite.NimbleEdgeAssistant";
}
    
    builtin-productPackagingUtility -entitlements -format xml -o /Users/krishsharma/Library/Developer/Xcode/DerivedData/NimbleEdgeAssistant-emwarzxnolejvofabqxncqwtytol/Build/Intermediates.noindex/NimbleEdgeAssistant.build/Debug-iphonesimulator/NimbleEdgeAssistant.build/NimbleEdgeAssistant.app-Simulated.xcent

ProcessProductPackagingDER /Users/krishsharma/Library/Developer/Xcode/DerivedData/NimbleEdgeAssistant-emwarzxnolejvofabqxncqwtytol/Build/Intermediates.noindex/NimbleEdgeAssistant.build/Debug-iphonesimulator/NimbleEdgeAssistant.build/NimbleEdgeAssistant.app-Simulated.xcent /Users/krishsharma/Library/Developer/Xcode/DerivedData/NimbleEdgeAssistant-emwarzxnolejvofabqxncqwtytol/Build/Intermediates.noindex/NimbleEdgeAssistant.build/Debug-iphonesimulator/NimbleEdgeAssistant.build/NimbleEdgeAssistant.app-Simulated.xcent.der (in target 'NimbleEdgeAssistant' from project 'NimbleEdgeAssistant')
    cd /Users/krishsharma/Downloads/deliteAI/NimbleEdgeAssistant.app
    /usr/bin/derq query -f xml -i /Users/krishsharma/Library/Developer/Xcode/DerivedData/NimbleEdgeAssistant-emwarzxnolejvofabqxncqwtytol/Build/Intermediates.noindex/NimbleEdgeAssistant.build/Debug-iphonesimulator/NimbleEdgeAssistant.build/NimbleEdgeAssistant.app-Simulated.xcent -o /Users/krishsharma/Library/Developer/Xcode/DerivedData/NimbleEdgeAssistant-emwarzxnolejvofabqxncqwtytol/Build/Intermediates.noindex/NimbleEdgeAssistant.build/Debug-iphonesimulator/NimbleEdgeAssistant.build/NimbleEdgeAssistant.app-Simulated.xcent.der --raw

ProcessInfoPlistFile /Users/krishsharma/Library/Developer/Xcode/DerivedData/NimbleEdgeAssistant-emwarzxnolejvofabqxncqwtytol/Build/Products/Debug-iphonesimulator/Alamofire/Alamofire.bundle/Info.plist /Users/krishsharma/Downloads/deliteAI/Pods/Target\ Support\ Files/Alamofire/ResourceBundle-Alamofire-Alamofire-Info.plist (in target 'Alamofire-Alamofire' from project 'Pods')
    cd /Users/krishsharma/Downloads/deliteAI/Pods
    builtin-infoPlistUtility /Users/krishsharma/Downloads/deliteAI/Pods/Target\ Support\ Files/Alamofire/ResourceBundle-Alamofire-Alamofire-Info.plist -producttype com.apple.product-type.bundle -expandbuildsettings -format binary -platform iphonesimulator -o /Users/krishsharma/Library/Developer/Xcode/DerivedData/NimbleEdgeAssistant-emwarzxnolejvofabqxncqwtytol/Build/Products/Debug-iphonesimulator/Alamofire/Alamofire.bundle/Info.plist

ProcessInfoPlistFile /Users/krishsharma/Library/Developer/Xcode/DerivedData/NimbleEdgeAssistant-emwarzxnolejvofabqxncqwtytol/Build/Products/Debug-iphonesimulator/Alamofire/Alamofire.framework/Info.plist /Users/krishsharma/Downloads/deliteAI/Pods/Target\ Support\ Files/Alamofire/Alamofire-Info.plist (in target 'Alamofire' from project 'Pods')
    cd /Users/krishsharma/Downloads/deliteAI/Pods
    builtin-infoPlistUtility /Users/krishsharma/Downloads/deliteAI/Pods/Target\ Support\ Files/Alamofire/Alamofire-Info.plist -producttype com.apple.product-type.framework -expandbuildsettings -format binary -platform iphonesimulator -o /Users/krishsharma/Library/Developer/Xcode/DerivedData/NimbleEdgeAssistant-emwarzxnolejvofabqxncqwtytol/Build/Products/Debug-iphonesimulator/Alamofire/Alamofire.framework/Info.plist

ProcessInfoPlistFile /Users/krishsharma/Library/Developer/Xcode/DerivedData/NimbleEdgeAssistant-emwarzxnolejvofabqxncqwtytol/Build/Products/Debug-iphonesimulator/SwiftProtobuf/SwiftProtobuf.bundle/Info.plist /Users/krishsharma/Downloads/deliteAI/Pods/Target\ Support\ Files/SwiftProtobuf/ResourceBundle-SwiftProtobuf-SwiftProtobuf-Info.plist (in target 'SwiftProtobuf-SwiftProtobuf' from project 'Pods')
    cd /Users/krishsharma/Downloads/deliteAI/Pods
    builtin-infoPlistUtility /Users/krishsharma/Downloads/deliteAI/Pods/Target\ Support\ Files/SwiftProtobuf/ResourceBundle-SwiftProtobuf-SwiftProtobuf-Info.plist -producttype com.apple.product-type.bundle -expandbuildsettings -format binary -platform iphonesimulator -o /Users/krishsharma/Library/Developer/Xcode/DerivedData/NimbleEdgeAssistant-emwarzxnolejvofabqxncqwtytol/Build/Products/Debug-iphonesimulator/SwiftProtobuf/SwiftProtobuf.bundle/Info.plist

ProcessInfoPlistFile /Users/krishsharma/Library/Developer/Xcode/DerivedData/NimbleEdgeAssistant-emwarzxnolejvofabqxncqwtytol/Build/Products/Debug-iphonesimulator/SwiftProtobuf/SwiftProtobuf.framework/Info.plist /Users/krishsharma/Downloads/deliteAI/Pods/Target\ Support\ Files/SwiftProtobuf/SwiftProtobuf-Info.plist (in target 'SwiftProtobuf' from project 'Pods')
    cd /Users/krishsharma/Downloads/deliteAI/Pods
    builtin-infoPlistUtility /Users/krishsharma/Downloads/deliteAI/Pods/Target\ Support\ Files/SwiftProtobuf/SwiftProtobuf-Info.plist -producttype com.apple.product-type.framework -expandbuildsettings -format binary -platform iphonesimulator -o /Users/krishsharma/Library/Developer/Xcode/DerivedData/NimbleEdgeAssistant-emwarzxnolejvofabqxncqwtytol/Build/Products/Debug-iphonesimulator/SwiftProtobuf/SwiftProtobuf.framework/Info.plist

note: Disabling previews because SWIFT_VERSION is set and SWIFT_OPTIMIZATION_LEVEL=-O, expected -Onone (in target 'DeliteAI' from project 'Pods')
ProcessInfoPlistFile /Users/krishsharma/Library/Developer/Xcode/DerivedData/NimbleEdgeAssistant-emwarzxnolejvofabqxncqwtytol/Build/Products/Debug-iphonesimulator/DeliteAI/DeliteAI.framework/Info.plist /Users/krishsharma/Downloads/deliteAI/Pods/Target\ Support\ Files/DeliteAI/DeliteAI-Info.plist (in target 'DeliteAI' from project 'Pods')
    cd /Users/krishsharma/Downloads/deliteAI/Pods
    builtin-infoPlistUtility /Users/krishsharma/Downloads/deliteAI/Pods/Target\ Support\ Files/DeliteAI/DeliteAI-Info.plist -producttype com.apple.product-type.framework -expandbuildsettings -format binary -platform iphonesimulator -o /Users/krishsharma/Library/Developer/Xcode/DerivedData/NimbleEdgeAssistant-emwarzxnolejvofabqxncqwtytol/Build/Products/Debug-iphonesimulator/DeliteAI/DeliteAI.framework/Info.plist

ProcessInfoPlistFile /Users/krishsharma/Library/Developer/Xcode/DerivedData/NimbleEdgeAssistant-emwarzxnolejvofabqxncqwtytol/Build/Products/Debug-iphonesimulator/Pods_NimbleEdgeAssistant.framework/Info.plist /Users/krishsharma/Downloads/deliteAI/Pods/Target\ Support\ Files/Pods-NimbleEdgeAssistant/Pods-NimbleEdgeAssistant-Info.plist (in target 'Pods-NimbleEdgeAssistant' from project 'Pods')
    cd /Users/krishsharma/Downloads/deliteAI/Pods
    builtin-infoPlistUtility /Users/krishsharma/Downloads/deliteAI/Pods/Target\ Support\ Files/Pods-NimbleEdgeAssistant/Pods-NimbleEdgeAssistant-Info.plist -producttype com.apple.product-type.framework -expandbuildsettings -format binary -platform iphonesimulator -o /Users/krishsharma/Library/Developer/Xcode/DerivedData/NimbleEdgeAssistant-emwarzxnolejvofabqxncqwtytol/Build/Products/Debug-iphonesimulator/Pods_NimbleEdgeAssistant.framework/Info.plist

PhaseScriptExecution [CP]\ Check\ Pods\ Manifest.lock /Users/krishsharma/Library/Developer/Xcode/DerivedData/NimbleEdgeAssistant-emwarzxnolejvofabqxncqwtytol/Build/Intermediates.noindex/NimbleEdgeAssistant.build/Debug-iphonesimulator/NimbleEdgeAssistant.build/Script-8FD5CA296C6FBF27F4A25A2A.sh (in target 'NimbleEdgeAssistant' from project 'NimbleEdgeAssistant')
    cd /Users/krishsharma/Downloads/deliteAI/NimbleEdgeAssistant.app
    /bin/sh -c /Users/krishsharma/Library/Developer/Xcode/DerivedData/NimbleEdgeAssistant-emwarzxnolejvofabqxncqwtytol/Build/Intermediates.noindex/NimbleEdgeAssistant.build/Debug-iphonesimulator/NimbleEdgeAssistant.build/Script-8FD5CA296C6FBF27F4A25A2A.sh

Ld /Users/krishsharma/Library/Developer/Xcode/DerivedData/NimbleEdgeAssistant-emwarzxnolejvofabqxncqwtytol/Build/Products/Debug-iphonesimulator/NimbleEdgeAssistant.app/NimbleEdgeAssistant.debug.dylib normal (in target 'NimbleEdgeAssistant' from project 'NimbleEdgeAssistant')
    cd /Users/krishsharma/Downloads/deliteAI/NimbleEdgeAssistant.app
    /Applications/Xcode.app/Contents/Developer/Toolchains/XcodeDefault.xctoolchain/usr/bin/clang -Xlinker -reproducible -target arm64-apple-ios16.0-simulator -dynamiclib -isysroot /Applications/Xcode.app/Contents/Developer/Platforms/iPhoneSimulator.platform/Developer/SDKs/iPhoneSimulator18.5.sdk -O0 -L/Users/krishsharma/Library/Developer/Xcode/DerivedData/NimbleEdgeAssistant-emwarzxnolejvofabqxncqwtytol/Build/Intermediates.noindex/EagerLinkingTBDs/Debug-iphonesimulator -L/Users/krishsharma/Library/Developer/Xcode/DerivedData/NimbleEdgeAssistant-emwarzxnolejvofabqxncqwtytol/Build/Products/Debug-iphonesimulator -L/Applications/Xcode.app/Contents/Developer/Toolchains/XcodeDefault.xctoolchain/usr/lib/swift/iphonesimulator -L/Applications/Xcode.app/Contents/Developer/Platforms/iPhoneSimulator.platform/Developer/SDKs/iPhoneSimulator18.5.sdk/usr/lib/swift -F/Users/krishsharma/Library/Developer/Xcode/DerivedData/NimbleEdgeAssistant-emwarzxnolejvofabqxncqwtytol/Build/Intermediates.noindex/EagerLinkingTBDs/Debug-iphonesimulator -F/Users/krishsharma/Library/Developer/Xcode/DerivedData/NimbleEdgeAssistant-emwarzxnolejvofabqxncqwtytol/Build/Products/Debug-iphonesimulator -F/Users/krishsharma/Library/Developer/Xcode/DerivedData/NimbleEdgeAssistant-emwarzxnolejvofabqxncqwtytol/Build/Products/Debug-iphonesimulator/Alamofire -F/Users/krishsharma/Library/Developer/Xcode/DerivedData/NimbleEdgeAssistant-emwarzxnolejvofabqxncqwtytol/Build/Products/Debug-iphonesimulator/DeliteAI -F/Users/krishsharma/Library/Developer/Xcode/DerivedData/NimbleEdgeAssistant-emwarzxnolejvofabqxncqwtytol/Build/Products/Debug-iphonesimulator/SwiftProtobuf -F/Users/krishsharma/Downloads/deliteAI/Pods/PLCrashReporter -F/Users/krishsharma/Library/Developer/Xcode/DerivedData/NimbleEdgeAssistant-emwarzxnolejvofabqxncqwtytol/Build/Products/Debug-iphonesimulator/XCFrameworkIntermediates/PLCrashReporter -filelist /Users/krishsharma/Library/Developer/Xcode/DerivedData/NimbleEdgeAssistant-emwarzxnolejvofabqxncqwtytol/Build/Intermediates.noindex/NimbleEdgeAssistant.build/Debug-iphonesimulator/NimbleEdgeAssistant.build/Objects-normal/arm64/NimbleEdgeAssistant.LinkFileList -install_name @rpath/NimbleEdgeAssistant.debug.dylib -Xlinker -rpath -Xlinker @executable_path/Frameworks -dead_strip -Xlinker -object_path_lto -Xlinker /Users/krishsharma/Library/Developer/Xcode/DerivedData/NimbleEdgeAssistant-emwarzxnolejvofabqxncqwtytol/Build/Intermediates.noindex/NimbleEdgeAssistant.build/Debug-iphonesimulator/NimbleEdgeAssistant.build/Objects-normal/arm64/NimbleEdgeAssistant_lto.o -rdynamic -Xlinker -no_deduplicate -Xlinker -objc_abi_version -Xlinker 2 -Xlinker -dependency_info -Xlinker /Users/krishsharma/Library/Developer/Xcode/DerivedData/NimbleEdgeAssistant-emwarzxnolejvofabqxncqwtytol/Build/Intermediates.noindex/NimbleEdgeAssistant.build/Debug-iphonesimulator/NimbleEdgeAssistant.build/Objects-normal/arm64/NimbleEdgeAssistant_dependency_info.dat -fobjc-link-runtime -L/Applications/Xcode.app/Contents/Developer/Toolchains/XcodeDefault.xctoolchain/usr/lib/swift/iphonesimulator -L/usr/lib/swift -Xlinker -add_ast_path -Xlinker /Users/krishsharma/Library/Developer/Xcode/DerivedData/NimbleEdgeAssistant-emwarzxnolejvofabqxncqwtytol/Build/Intermediates.noindex/NimbleEdgeAssistant.build/Debug-iphonesimulator/NimbleEdgeAssistant.build/Objects-normal/arm64/NimbleEdgeAssistant.swiftmodule -ObjC -lc++ -framework Alamofire -framework CFNetwork -framework CrashReporter -framework DeliteAI -framework SwiftProtobuf -Xlinker -alias -Xlinker _main -Xlinker ___debug_main_executable_dylib_entry_point -framework Pods_NimbleEdgeAssistant -Xlinker -no_adhoc_codesign -o /Users/krishsharma/Library/Developer/Xcode/DerivedData/NimbleEdgeAssistant-emwarzxnolejvofabqxncqwtytol/Build/Products/Debug-iphonesimulator/NimbleEdgeAssistant.app/NimbleEdgeAssistant.debug.dylib

ConstructStubExecutorLinkFileList /Users/krishsharma/Library/Developer/Xcode/DerivedData/NimbleEdgeAssistant-emwarzxnolejvofabqxncqwtytol/Build/Intermediates.noindex/NimbleEdgeAssistant.build/Debug-iphonesimulator/NimbleEdgeAssistant.build/NimbleEdgeAssistant-ExecutorLinkFileList-normal-arm64.txt (in target 'NimbleEdgeAssistant' from project 'NimbleEdgeAssistant')
    cd /Users/krishsharma/Downloads/deliteAI/NimbleEdgeAssistant.app
    construct-stub-executor-link-file-list /Users/krishsharma/Library/Developer/Xcode/DerivedData/NimbleEdgeAssistant-emwarzxnolejvofabqxncqwtytol/Build/Products/Debug-iphonesimulator/NimbleEdgeAssistant.app/NimbleEdgeAssistant.debug.dylib /Applications/Xcode.app/Contents/Developer/Platforms/iPhoneSimulator.platform/Developer/usr/lib/libPreviewsJITStubExecutor_no_swift_entry_point.a /Applications/Xcode.app/Contents/Developer/Platforms/iPhoneSimulator.platform/Developer/usr/lib/libPreviewsJITStubExecutor.a --output /Users/krishsharma/Library/Developer/Xcode/DerivedData/NimbleEdgeAssistant-emwarzxnolejvofabqxncqwtytol/Build/Intermediates.noindex/NimbleEdgeAssistant.build/Debug-iphonesimulator/NimbleEdgeAssistant.build/NimbleEdgeAssistant-ExecutorLinkFileList-normal-arm64.txt
note: Using stub executor library with Swift entry point. (in target 'NimbleEdgeAssistant' from project 'NimbleEdgeAssistant')

Ld /Users/krishsharma/Library/Developer/Xcode/DerivedData/NimbleEdgeAssistant-emwarzxnolejvofabqxncqwtytol/Build/Products/Debug-iphonesimulator/NimbleEdgeAssistant.app/NimbleEdgeAssistant normal (in target 'NimbleEdgeAssistant' from project 'NimbleEdgeAssistant')
    cd /Users/krishsharma/Downloads/deliteAI/NimbleEdgeAssistant.app
    /Applications/Xcode.app/Contents/Developer/Toolchains/XcodeDefault.xctoolchain/usr/bin/clang -Xlinker -reproducible -target arm64-apple-ios16.0-simulator -isysroot /Applications/Xcode.app/Contents/Developer/Platforms/iPhoneSimulator.platform/Developer/SDKs/iPhoneSimulator18.5.sdk -O0 -L/Users/krishsharma/Library/Developer/Xcode/DerivedData/NimbleEdgeAssistant-emwarzxnolejvofabqxncqwtytol/Build/Products/Debug-iphonesimulator -L/Applications/Xcode.app/Contents/Developer/Toolchains/XcodeDefault.xctoolchain/usr/lib/swift/iphonesimulator -L/Applications/Xcode.app/Contents/Developer/Platforms/iPhoneSimulator.platform/Developer/SDKs/iPhoneSimulator18.5.sdk/usr/lib/swift -F/Users/krishsharma/Library/Developer/Xcode/DerivedData/NimbleEdgeAssistant-emwarzxnolejvofabqxncqwtytol/Build/Products/Debug-iphonesimulator -F/Users/krishsharma/Library/Developer/Xcode/DerivedData/NimbleEdgeAssistant-emwarzxnolejvofabqxncqwtytol/Build/Products/Debug-iphonesimulator/Alamofire -F/Users/krishsharma/Library/Developer/Xcode/DerivedData/NimbleEdgeAssistant-emwarzxnolejvofabqxncqwtytol/Build/Products/Debug-iphonesimulator/DeliteAI -F/Users/krishsharma/Library/Developer/Xcode/DerivedData/NimbleEdgeAssistant-emwarzxnolejvofabqxncqwtytol/Build/Products/Debug-iphonesimulator/SwiftProtobuf -F/Users/krishsharma/Downloads/deliteAI/Pods/PLCrashReporter -F/Users/krishsharma/Library/Developer/Xcode/DerivedData/NimbleEdgeAssistant-emwarzxnolejvofabqxncqwtytol/Build/Products/Debug-iphonesimulator/XCFrameworkIntermediates/PLCrashReporter -Xlinker -rpath -Xlinker @executable_path -Xlinker -rpath -Xlinker @executable_path/Frameworks -rdynamic -Xlinker -no_deduplicate -Xlinker -objc_abi_version -Xlinker 2 -e ___debug_blank_executor_main -Xlinker -sectcreate -Xlinker __TEXT -Xlinker __debug_dylib -Xlinker /Users/krishsharma/Library/Developer/Xcode/DerivedData/NimbleEdgeAssistant-emwarzxnolejvofabqxncqwtytol/Build/Intermediates.noindex/NimbleEdgeAssistant.build/Debug-iphonesimulator/NimbleEdgeAssistant.build/NimbleEdgeAssistant-DebugDylibPath-normal-arm64.txt -Xlinker -sectcreate -Xlinker __TEXT -Xlinker __debug_instlnm -Xlinker /Users/krishsharma/Library/Developer/Xcode/DerivedData/NimbleEdgeAssistant-emwarzxnolejvofabqxncqwtytol/Build/Intermediates.noindex/NimbleEdgeAssistant.build/Debug-iphonesimulator/NimbleEdgeAssistant.build/NimbleEdgeAssistant-DebugDylibInstallName-normal-arm64.txt -Xlinker -filelist -Xlinker /Users/krishsharma/Library/Developer/Xcode/DerivedData/NimbleEdgeAssistant-emwarzxnolejvofabqxncqwtytol/Build/Intermediates.noindex/NimbleEdgeAssistant.build/Debug-iphonesimulator/NimbleEdgeAssistant.build/NimbleEdgeAssistant-ExecutorLinkFileList-normal-arm64.txt -Xlinker -sectcreate -Xlinker __TEXT -Xlinker __entitlements -Xlinker /Users/krishsharma/Library/Developer/Xcode/DerivedData/NimbleEdgeAssistant-emwarzxnolejvofabqxncqwtytol/Build/Intermediates.noindex/NimbleEdgeAssistant.build/Debug-iphonesimulator/NimbleEdgeAssistant.build/NimbleEdgeAssistant.app-Simulated.xcent -Xlinker -sectcreate -Xlinker __TEXT -Xlinker __ents_der -Xlinker /Users/krishsharma/Library/Developer/Xcode/DerivedData/NimbleEdgeAssistant-emwarzxnolejvofabqxncqwtytol/Build/Intermediates.noindex/NimbleEdgeAssistant.build/Debug-iphonesimulator/NimbleEdgeAssistant.build/NimbleEdgeAssistant.app-Simulated.xcent.der /Users/krishsharma/Library/Developer/Xcode/DerivedData/NimbleEdgeAssistant-emwarzxnolejvofabqxncqwtytol/Build/Products/Debug-iphonesimulator/NimbleEdgeAssistant.app/NimbleEdgeAssistant.debug.dylib -Xlinker -no_adhoc_codesign -o /Users/krishsharma/Library/Developer/Xcode/DerivedData/NimbleEdgeAssistant-emwarzxnolejvofabqxncqwtytol/Build/Products/Debug-iphonesimulator/NimbleEdgeAssistant.app/NimbleEdgeAssistant

PhaseScriptExecution [CP]\ Copy\ Pods\ Resources /Users/krishsharma/Library/Developer/Xcode/DerivedData/NimbleEdgeAssistant-emwarzxnolejvofabqxncqwtytol/Build/Intermediates.noindex/NimbleEdgeAssistant.build/Debug-iphonesimulator/NimbleEdgeAssistant.build/Script-4FA14CD6F8C5B8F6F9FA02CD.sh (in target 'NimbleEdgeAssistant' from project 'NimbleEdgeAssistant')
    cd /Users/krishsharma/Downloads/deliteAI/NimbleEdgeAssistant.app
    /bin/sh -c /Users/krishsharma/Library/Developer/Xcode/DerivedData/NimbleEdgeAssistant-emwarzxnolejvofabqxncqwtytol/Build/Intermediates.noindex/NimbleEdgeAssistant.build/Debug-iphonesimulator/NimbleEdgeAssistant.build/Script-4FA14CD6F8C5B8F6F9FA02CD.sh
/Users/krishsharma/Library/Developer/Xcode/DerivedData/NimbleEdgeAssistant-emwarzxnolejvofabqxncqwtytol/Build/Products/Debug-iphonesimulator/Alamofire/Alamofire.bundle
/Users/krishsharma/Library/Developer/Xcode/DerivedData/NimbleEdgeAssistant-emwarzxnolejvofabqxncqwtytol/Build/Products/Debug-iphonesimulator/PLCrashReporter/PLCrashReporter.bundle
/Users/krishsharma/Library/Developer/Xcode/DerivedData/NimbleEdgeAssistant-emwarzxnolejvofabqxncqwtytol/Build/Products/Debug-iphonesimulator/SwiftProtobuf/SwiftProtobuf.bundle
Transfer starting: 9 files

sent 553 bytes  received 20 bytes  520909 bytes/sec
total size is 4368  speedup is 7.62

ExtractAppIntentsMetadata (in target 'NimbleEdgeAssistant' from project 'NimbleEdgeAssistant')
    cd /Users/krishsharma/Downloads/deliteAI/NimbleEdgeAssistant.app
    /Applications/Xcode.app/Contents/Developer/Toolchains/XcodeDefault.xctoolchain/usr/bin/appintentsmetadataprocessor --toolchain-dir /Applications/Xcode.app/Contents/Developer/Toolchains/XcodeDefault.xctoolchain --module-name NimbleEdgeAssistant --sdk-root /Applications/Xcode.app/Contents/Developer/Platforms/iPhoneSimulator.platform/Developer/SDKs/iPhoneSimulator18.5.sdk --xcode-version 16F6 --platform-family iOS --deployment-target 16.0 --bundle-identifier ai.delite.NimbleEdgeAssistant --output /Users/krishsharma/Library/Developer/Xcode/DerivedData/NimbleEdgeAssistant-emwarzxnolejvofabqxncqwtytol/Build/Products/Debug-iphonesimulator/NimbleEdgeAssistant.app --target-triple arm64-apple-ios16.0-simulator --binary-file /Users/krishsharma/Library/Developer/Xcode/DerivedData/NimbleEdgeAssistant-emwarzxnolejvofabqxncqwtytol/Build/Products/Debug-iphonesimulator/NimbleEdgeAssistant.app/NimbleEdgeAssistant --dependency-file /Users/krishsharma/Library/Developer/Xcode/DerivedData/NimbleEdgeAssistant-emwarzxnolejvofabqxncqwtytol/Build/Intermediates.noindex/NimbleEdgeAssistant.build/Debug-iphonesimulator/NimbleEdgeAssistant.build/Objects-normal/arm64/NimbleEdgeAssistant_dependency_info.dat --stringsdata-file /Users/krishsharma/Library/Developer/Xcode/DerivedData/NimbleEdgeAssistant-emwarzxnolejvofabqxncqwtytol/Build/Intermediates.noindex/NimbleEdgeAssistant.build/Debug-iphonesimulator/NimbleEdgeAssistant.build/Objects-normal/arm64/ExtractedAppShortcutsMetadata.stringsdata --source-file-list /Users/krishsharma/Library/Developer/Xcode/DerivedData/NimbleEdgeAssistant-emwarzxnolejvofabqxncqwtytol/Build/Intermediates.noindex/NimbleEdgeAssistant.build/Debug-iphonesimulator/NimbleEdgeAssistant.build/Objects-normal/arm64/NimbleEdgeAssistant.SwiftFileList --metadata-file-list /Users/krishsharma/Library/Developer/Xcode/DerivedData/NimbleEdgeAssistant-emwarzxnolejvofabqxncqwtytol/Build/Intermediates.noindex/NimbleEdgeAssistant.build/Debug-iphonesimulator/NimbleEdgeAssistant.build/NimbleEdgeAssistant.DependencyMetadataFileList --static-metadata-file-list /Users/krishsharma/Library/Developer/Xcode/DerivedData/NimbleEdgeAssistant-emwarzxnolejvofabqxncqwtytol/Build/Intermediates.noindex/NimbleEdgeAssistant.build/Debug-iphonesimulator/NimbleEdgeAssistant.build/NimbleEdgeAssistant.DependencyStaticMetadataFileList --swift-const-vals-list /Users/krishsharma/Library/Developer/Xcode/DerivedData/NimbleEdgeAssistant-emwarzxnolejvofabqxncqwtytol/Build/Intermediates.noindex/NimbleEdgeAssistant.build/Debug-iphonesimulator/NimbleEdgeAssistant.build/Objects-normal/arm64/NimbleEdgeAssistant.SwiftConstValuesFileList --compile-time-extraction --deployment-aware-processing --validate-assistant-intents --no-app-shortcuts-localization
2025-08-01 06:55:26.809 appintentsmetadataprocessor[57566:2118161] Starting appintentsmetadataprocessor export
2025-08-01 06:55:26.811 appintentsmetadataprocessor[57566:2118161] warning: Metadata extraction skipped. No AppIntents.framework dependency found.

ProcessInfoPlistFile /Users/krishsharma/Library/Developer/Xcode/DerivedData/NimbleEdgeAssistant-emwarzxnolejvofabqxncqwtytol/Build/Products/Debug-iphonesimulator/NimbleEdgeAssistant.app/Info.plist /Users/krishsharma/Downloads/deliteAI/NimbleEdgeAssistant.app/NimbleEdgeAssistant/Info.plist (in target 'NimbleEdgeAssistant' from project 'NimbleEdgeAssistant')
    cd /Users/krishsharma/Downloads/deliteAI/NimbleEdgeAssistant.app
    builtin-infoPlistUtility /Users/krishsharma/Downloads/deliteAI/NimbleEdgeAssistant.app/NimbleEdgeAssistant/Info.plist -producttype com.apple.product-type.application -genpkginfo /Users/krishsharma/Library/Developer/Xcode/DerivedData/NimbleEdgeAssistant-emwarzxnolejvofabqxncqwtytol/Build/Products/Debug-iphonesimulator/NimbleEdgeAssistant.app/PkgInfo -expandbuildsettings -format binary -platform iphonesimulator -additionalcontentfile /Users/krishsharma/Library/Developer/Xcode/DerivedData/NimbleEdgeAssistant-emwarzxnolejvofabqxncqwtytol/Build/Intermediates.noindex/NimbleEdgeAssistant.build/Debug-iphonesimulator/NimbleEdgeAssistant.build/assetcatalog_generated_info.plist -o /Users/krishsharma/Library/Developer/Xcode/DerivedData/NimbleEdgeAssistant-emwarzxnolejvofabqxncqwtytol/Build/Products/Debug-iphonesimulator/NimbleEdgeAssistant.app/Info.plist

AppIntentsSSUTraining (in target 'NimbleEdgeAssistant' from project 'NimbleEdgeAssistant')
    cd /Users/krishsharma/Downloads/deliteAI/NimbleEdgeAssistant.app
    /Applications/Xcode.app/Contents/Developer/Toolchains/XcodeDefault.xctoolchain/usr/bin/appintentsnltrainingprocessor --infoplist-path /Users/krishsharma/Library/Developer/Xcode/DerivedData/NimbleEdgeAssistant-emwarzxnolejvofabqxncqwtytol/Build/Products/Debug-iphonesimulator/NimbleEdgeAssistant.app/Info.plist --temp-dir-path /Users/krishsharma/Library/Developer/Xcode/DerivedData/NimbleEdgeAssistant-emwarzxnolejvofabqxncqwtytol/Build/Intermediates.noindex/NimbleEdgeAssistant.build/Debug-iphonesimulator/NimbleEdgeAssistant.build/ssu --bundle-id ai.delite.NimbleEdgeAssistant --product-path /Users/krishsharma/Library/Developer/Xcode/DerivedData/NimbleEdgeAssistant-emwarzxnolejvofabqxncqwtytol/Build/Products/Debug-iphonesimulator/NimbleEdgeAssistant.app --extracted-metadata-path /Users/krishsharma/Library/Developer/Xcode/DerivedData/NimbleEdgeAssistant-emwarzxnolejvofabqxncqwtytol/Build/Products/Debug-iphonesimulator/NimbleEdgeAssistant.app/Metadata.appintents --metadata-file-list /Users/krishsharma/Library/Developer/Xcode/DerivedData/NimbleEdgeAssistant-emwarzxnolejvofabqxncqwtytol/Build/Intermediates.noindex/NimbleEdgeAssistant.build/Debug-iphonesimulator/NimbleEdgeAssistant.build/NimbleEdgeAssistant.DependencyMetadataFileList --archive-ssu-assets
2025-08-01 06:55:26.831 appintentsnltrainingprocessor[57567:2118169] Parsing options for appintentsnltrainingprocessor
2025-08-01 06:55:26.832 appintentsnltrainingprocessor[57567:2118169] No AppShortcuts found - Skipping.

CopySwiftLibs /Users/krishsharma/Library/Developer/Xcode/DerivedData/NimbleEdgeAssistant-emwarzxnolejvofabqxncqwtytol/Build/Products/Debug-iphonesimulator/NimbleEdgeAssistant.app (in target 'NimbleEdgeAssistant' from project 'NimbleEdgeAssistant')
    cd /Users/krishsharma/Downloads/deliteAI/NimbleEdgeAssistant.app
    builtin-swiftStdLibTool --copy --verbose --sign - --scan-executable /Users/krishsharma/Library/Developer/Xcode/DerivedData/NimbleEdgeAssistant-emwarzxnolejvofabqxncqwtytol/Build/Products/Debug-iphonesimulator/NimbleEdgeAssistant.app/NimbleEdgeAssistant.debug.dylib --scan-folder /Users/krishsharma/Library/Developer/Xcode/DerivedData/NimbleEdgeAssistant-emwarzxnolejvofabqxncqwtytol/Build/Products/Debug-iphonesimulator/NimbleEdgeAssistant.app/Frameworks --scan-folder /Users/krishsharma/Library/Developer/Xcode/DerivedData/NimbleEdgeAssistant-emwarzxnolejvofabqxncqwtytol/Build/Products/Debug-iphonesimulator/NimbleEdgeAssistant.app/PlugIns --scan-folder /Users/krishsharma/Library/Developer/Xcode/DerivedData/NimbleEdgeAssistant-emwarzxnolejvofabqxncqwtytol/Build/Products/Debug-iphonesimulator/NimbleEdgeAssistant.app/SystemExtensions --scan-folder /Users/krishsharma/Library/Developer/Xcode/DerivedData/NimbleEdgeAssistant-emwarzxnolejvofabqxncqwtytol/Build/Products/Debug-iphonesimulator/NimbleEdgeAssistant.app/Extensions --scan-folder /Users/krishsharma/Library/Developer/Xcode/DerivedData/NimbleEdgeAssistant-emwarzxnolejvofabqxncqwtytol/Build/Products/Debug-iphonesimulator/Pods_NimbleEdgeAssistant.framework --platform iphonesimulator --toolchain /Applications/Xcode.app/Contents/Developer/Toolchains/XcodeDefault.xctoolchain --destination /Users/krishsharma/Library/Developer/Xcode/DerivedData/NimbleEdgeAssistant-emwarzxnolejvofabqxncqwtytol/Build/Products/Debug-iphonesimulator/NimbleEdgeAssistant.app/Frameworks --strip-bitcode --strip-bitcode-tool /Applications/Xcode.app/Contents/Developer/Toolchains/XcodeDefault.xctoolchain/usr/bin/bitcode_strip --emit-dependency-info /Users/krishsharma/Library/Developer/Xcode/DerivedData/NimbleEdgeAssistant-emwarzxnolejvofabqxncqwtytol/Build/Intermediates.noindex/NimbleEdgeAssistant.build/Debug-iphonesimulator/NimbleEdgeAssistant.build/SwiftStdLibToolInputDependencies.dep --filter-for-swift-os

CodeSign /Users/krishsharma/Library/Developer/Xcode/DerivedData/NimbleEdgeAssistant-emwarzxnolejvofabqxncqwtytol/Build/Products/Debug-iphonesimulator/NimbleEdgeAssistant.app/NimbleEdgeAssistant.debug.dylib (in target 'NimbleEdgeAssistant' from project 'NimbleEdgeAssistant')
    cd /Users/krishsharma/Downloads/deliteAI/NimbleEdgeAssistant.app
    
    Signing Identity:     "Sign to Run Locally"
    
    /usr/bin/codesign --force --sign - --timestamp\=none --generate-entitlement-der /Users/krishsharma/Library/Developer/Xcode/DerivedData/NimbleEdgeAssistant-emwarzxnolejvofabqxncqwtytol/Build/Products/Debug-iphonesimulator/NimbleEdgeAssistant.app/NimbleEdgeAssistant.debug.dylib

CodeSign /Users/krishsharma/Library/Developer/Xcode/DerivedData/NimbleEdgeAssistant-emwarzxnolejvofabqxncqwtytol/Build/Products/Debug-iphonesimulator/NimbleEdgeAssistant.app/__preview.dylib (in target 'NimbleEdgeAssistant' from project 'NimbleEdgeAssistant')
    cd /Users/krishsharma/Downloads/deliteAI/NimbleEdgeAssistant.app
    
    Signing Identity:     "Sign to Run Locally"
    
    /usr/bin/codesign --force --sign - --timestamp\=none --generate-entitlement-der /Users/krishsharma/Library/Developer/Xcode/DerivedData/NimbleEdgeAssistant-emwarzxnolejvofabqxncqwtytol/Build/Products/Debug-iphonesimulator/NimbleEdgeAssistant.app/__preview.dylib
/Users/krishsharma/Library/Developer/Xcode/DerivedData/NimbleEdgeAssistant-emwarzxnolejvofabqxncqwtytol/Build/Products/Debug-iphonesimulator/NimbleEdgeAssistant.app/__preview.dylib: replacing existing signature

CodeSign /Users/krishsharma/Library/Developer/Xcode/DerivedData/NimbleEdgeAssistant-emwarzxnolejvofabqxncqwtytol/Build/Products/Debug-iphonesimulator/NimbleEdgeAssistant.app (in target 'NimbleEdgeAssistant' from project 'NimbleEdgeAssistant')
    cd /Users/krishsharma/Downloads/deliteAI/NimbleEdgeAssistant.app
    
    Signing Identity:     "Sign to Run Locally"
    
    /usr/bin/codesign --force --sign - --timestamp\=none --generate-entitlement-der /Users/krishsharma/Library/Developer/Xcode/DerivedData/NimbleEdgeAssistant-emwarzxnolejvofabqxncqwtytol/Build/Products/Debug-iphonesimulator/NimbleEdgeAssistant.app

Validate /Users/krishsharma/Library/Developer/Xcode/DerivedData/NimbleEdgeAssistant-emwarzxnolejvofabqxncqwtytol/Build/Products/Debug-iphonesimulator/NimbleEdgeAssistant.app (in target 'NimbleEdgeAssistant' from project 'NimbleEdgeAssistant')
    cd /Users/krishsharma/Downloads/deliteAI/NimbleEdgeAssistant.app
    builtin-validationUtility /Users/krishsharma/Library/Developer/Xcode/DerivedData/NimbleEdgeAssistant-emwarzxnolejvofabqxncqwtytol/Build/Products/Debug-iphonesimulator/NimbleEdgeAssistant.app -infoplist-subpath Info.plist

** BUILD SUCCEEDED **

