Command line invocation:
    /Applications/Xcode.app/Contents/Developer/usr/bin/xcodebuild -workspace NimbleEdgeAssistant.xcworkspace -scheme NimbleEdgeAssistant -destination id=0A6913C4-12DB-4112-AA76-B9E0753ED305 build

ComputePackagePrebuildTargetDependencyGraph

Prepare packages

CreateBuildRequest

SendProjectDescription

CreateBuildOperation

ComputeTargetDependencyGraph
note: Building targets in dependency order
note: Target dependency graph (9 targets)
    Target 'NimbleEdgeAssistant' in project 'NimbleEdgeAssistant'
        ➜ Implicit dependency on target 'Pods-NimbleEdgeAssistant' in project 'Pods' via file 'Pods_NimbleEdgeAssistant.framework' in build phase 'Link Binary'
        ➜ Implicit dependency on target 'Alamofire' in project 'Pods' via options '-framework Alamofire' in build setting 'OTHER_LDFLAGS'
        ➜ Implicit dependency on target 'DeliteAI' in project 'Pods' via options '-framework DeliteAI' in build setting 'OTHER_LDFLAGS'
        ➜ Implicit dependency on target 'SwiftProtobuf' in project 'Pods' via options '-framework SwiftProtobuf' in build setting 'OTHER_LDFLAGS'
    Target 'Pods-NimbleEdgeAssistant' in project 'Pods'
        ➜ Explicit dependency on target 'Alamofire' in project 'Pods'
        ➜ Explicit dependency on target 'DeliteAI' in project 'Pods'
        ➜ Explicit dependency on target 'PLCrashReporter' in project 'Pods'
        ➜ Explicit dependency on target 'SwiftProtobuf' in project 'Pods'
    Target 'DeliteAI' in project 'Pods'
        ➜ Explicit dependency on target 'Alamofire' in project 'Pods'
        ➜ Explicit dependency on target 'PLCrashReporter' in project 'Pods'
        ➜ Explicit dependency on target 'SwiftProtobuf' in project 'Pods'
    Target 'SwiftProtobuf' in project 'Pods'
        ➜ Explicit dependency on target 'SwiftProtobuf-SwiftProtobuf' in project 'Pods'
    Target 'SwiftProtobuf-SwiftProtobuf' in project 'Pods' (no dependencies)
    Target 'PLCrashReporter' in project 'Pods'
        ➜ Explicit dependency on target 'PLCrashReporter-PLCrashReporter' in project 'Pods'
    Target 'PLCrashReporter-PLCrashReporter' in project 'Pods' (no dependencies)
    Target 'Alamofire' in project 'Pods'
        ➜ Explicit dependency on target 'Alamofire-Alamofire' in project 'Pods'
    Target 'Alamofire-Alamofire' in project 'Pods' (no dependencies)

GatherProvisioningInputs

CreateBuildDescription

ExecuteExternalTool /Applications/Xcode.app/Contents/Developer/Toolchains/XcodeDefault.xctoolchain/usr/bin/clang -v -E -dM -arch arm64 -isysroot /Applications/Xcode.app/Contents/Developer/Platforms/iPhoneSimulator.platform/Developer/SDKs/iPhoneSimulator18.5.sdk -x c -c /dev/null

ExecuteExternalTool /Applications/Xcode.app/Contents/Developer/Toolchains/XcodeDefault.xctoolchain/usr/bin/clang -v -E -dM -isysroot /Applications/Xcode.app/Contents/Developer/Platforms/iPhoneSimulator.platform/Developer/SDKs/iPhoneSimulator18.5.sdk -x c -c /dev/null

ExecuteExternalTool /Applications/Xcode.app/Contents/Developer/usr/bin/actool --print-asset-tag-combinations --output-format xml1 /Users/krishsharma/Downloads/deliteAI/NimbleEdgeAssistant.app/NimbleEdgeAssistant/Preview Content/Preview Assets.xcassets /Users/krishsharma/Downloads/deliteAI/NimbleEdgeAssistant.app/NimbleEdgeAssistant/Assets.xcassets

ExecuteExternalTool /Applications/Xcode.app/Contents/Developer/Toolchains/XcodeDefault.xctoolchain/usr/bin/clang -v -E -dM -arch arm64 -isysroot /Applications/Xcode.app/Contents/Developer/Platforms/iPhoneSimulator.platform/Developer/SDKs/iPhoneSimulator18.5.sdk -x objective-c -c /dev/null

ExecuteExternalTool /Applications/Xcode.app/Contents/Developer/Toolchains/XcodeDefault.xctoolchain/usr/bin/swiftc --version

ExecuteExternalTool /Applications/Xcode.app/Contents/Developer/Toolchains/XcodeDefault.xctoolchain/usr/bin/libtool -V

ExecuteExternalTool /Applications/Xcode.app/Contents/Developer/usr/bin/actool --version --output-format xml1

ExecuteExternalTool /Applications/Xcode.app/Contents/Developer/Toolchains/XcodeDefault.xctoolchain/usr/bin/ld -version_details

Build description signature: a4fb5a0bc8f72ff3505c91f6c5030399
Build description path: /Users/krishsharma/Library/Developer/Xcode/DerivedData/NimbleEdgeAssistant-emwarzxnolejvofabqxncqwtytol/Build/Intermediates.noindex/XCBuildData/a4fb5a0bc8f72ff3505c91f6c5030399.xcbuilddata
ClangStatCache /Applications/Xcode.app/Contents/Developer/Toolchains/XcodeDefault.xctoolchain/usr/bin/clang-stat-cache /Applications/Xcode.app/Contents/Developer/Platforms/iPhoneSimulator.platform/Developer/SDKs/iPhoneSimulator18.5.sdk /Users/krishsharma/Library/Developer/Xcode/DerivedData/SDKStatCaches.noindex/iphonesimulator18.5-22F76-d5fc8ad4295d2ef488fb7d0f804ce0c4.sdkstatcache
    cd /Users/krishsharma/Downloads/deliteAI
    /Applications/Xcode.app/Contents/Developer/Toolchains/XcodeDefault.xctoolchain/usr/bin/clang-stat-cache /Applications/Xcode.app/Contents/Developer/Platforms/iPhoneSimulator.platform/Developer/SDKs/iPhoneSimulator18.5.sdk -o /Users/krishsharma/Library/Developer/Xcode/DerivedData/SDKStatCaches.noindex/iphonesimulator18.5-22F76-d5fc8ad4295d2ef488fb7d0f804ce0c4.sdkstatcache

CpHeader /Users/krishsharma/Library/Developer/Xcode/DerivedData/NimbleEdgeAssistant-emwarzxnolejvofabqxncqwtytol/Build/Products/Debug-iphonesimulator/SwiftProtobuf/SwiftProtobuf.framework/Headers/SwiftProtobuf-umbrella.h /Users/krishsharma/Downloads/deliteAI/Pods/Target\ Support\ Files/SwiftProtobuf/SwiftProtobuf-umbrella.h (in target 'SwiftProtobuf' from project 'Pods')
    cd /Users/krishsharma/Downloads/deliteAI/Pods
    builtin-copy -exclude .DS_Store -exclude CVS -exclude .svn -exclude .git -exclude .hg -resolve-src-symlinks /Users/krishsharma/Downloads/deliteAI/Pods/Target\ Support\ Files/SwiftProtobuf/SwiftProtobuf-umbrella.h /Users/krishsharma/Library/Developer/Xcode/DerivedData/NimbleEdgeAssistant-emwarzxnolejvofabqxncqwtytol/Build/Products/Debug-iphonesimulator/SwiftProtobuf/SwiftProtobuf.framework/Headers

Copy /Users/krishsharma/Library/Developer/Xcode/DerivedData/NimbleEdgeAssistant-emwarzxnolejvofabqxncqwtytol/Build/Products/Debug-iphonesimulator/SwiftProtobuf/SwiftProtobuf.framework/Modules/module.modulemap /Users/krishsharma/Library/Developer/Xcode/DerivedData/NimbleEdgeAssistant-emwarzxnolejvofabqxncqwtytol/Build/Intermediates.noindex/Pods.build/Debug-iphonesimulator/SwiftProtobuf.build/module.modulemap (in target 'SwiftProtobuf' from project 'Pods')
    cd /Users/krishsharma/Downloads/deliteAI/Pods
    builtin-copy -exclude .DS_Store -exclude CVS -exclude .svn -exclude .git -exclude .hg -resolve-src-symlinks /Users/krishsharma/Library/Developer/Xcode/DerivedData/NimbleEdgeAssistant-emwarzxnolejvofabqxncqwtytol/Build/Intermediates.noindex/Pods.build/Debug-iphonesimulator/SwiftProtobuf.build/module.modulemap /Users/krishsharma/Library/Developer/Xcode/DerivedData/NimbleEdgeAssistant-emwarzxnolejvofabqxncqwtytol/Build/Products/Debug-iphonesimulator/SwiftProtobuf/SwiftProtobuf.framework/Modules

CpHeader /Users/krishsharma/Library/Developer/Xcode/DerivedData/NimbleEdgeAssistant-emwarzxnolejvofabqxncqwtytol/Build/Products/Debug-iphonesimulator/Alamofire/Alamofire.framework/Headers/Alamofire-umbrella.h /Users/krishsharma/Downloads/deliteAI/Pods/Target\ Support\ Files/Alamofire/Alamofire-umbrella.h (in target 'Alamofire' from project 'Pods')
    cd /Users/krishsharma/Downloads/deliteAI/Pods
    builtin-copy -exclude .DS_Store -exclude CVS -exclude .svn -exclude .git -exclude .hg -resolve-src-symlinks /Users/krishsharma/Downloads/deliteAI/Pods/Target\ Support\ Files/Alamofire/Alamofire-umbrella.h /Users/krishsharma/Library/Developer/Xcode/DerivedData/NimbleEdgeAssistant-emwarzxnolejvofabqxncqwtytol/Build/Products/Debug-iphonesimulator/Alamofire/Alamofire.framework/Headers

Copy /Users/krishsharma/Library/Developer/Xcode/DerivedData/NimbleEdgeAssistant-emwarzxnolejvofabqxncqwtytol/Build/Intermediates.noindex/Pods.build/Debug-iphonesimulator/Pods-NimbleEdgeAssistant.build/module.modulemap /Users/krishsharma/Downloads/deliteAI/Pods/Target\ Support\ Files/Pods-NimbleEdgeAssistant/Pods-NimbleEdgeAssistant.modulemap (in target 'Pods-NimbleEdgeAssistant' from project 'Pods')
    cd /Users/krishsharma/Downloads/deliteAI/Pods
    builtin-copy -exclude .DS_Store -exclude CVS -exclude .svn -exclude .git -exclude .hg -resolve-src-symlinks -rename /Users/krishsharma/Downloads/deliteAI/Pods/Target\ Support\ Files/Pods-NimbleEdgeAssistant/Pods-NimbleEdgeAssistant.modulemap /Users/krishsharma/Library/Developer/Xcode/DerivedData/NimbleEdgeAssistant-emwarzxnolejvofabqxncqwtytol/Build/Intermediates.noindex/Pods.build/Debug-iphonesimulator/Pods-NimbleEdgeAssistant.build/module.modulemap

CpHeader /Users/krishsharma/Library/Developer/Xcode/DerivedData/NimbleEdgeAssistant-emwarzxnolejvofabqxncqwtytol/Build/Products/Debug-iphonesimulator/DeliteAI/DeliteAI.framework/Headers/nimblenet.h /Users/krishsharma/Downloads/deliteAI/sdks/ios/deliteAI/Classes/sources/impl/controller/include/nimblenet.h (in target 'DeliteAI' from project 'Pods')
    cd /Users/krishsharma/Downloads/deliteAI/Pods
    builtin-copy -exclude .DS_Store -exclude CVS -exclude .svn -exclude .git -exclude .hg -resolve-src-symlinks /Users/krishsharma/Downloads/deliteAI/sdks/ios/deliteAI/Classes/sources/impl/controller/include/nimblenet.h /Users/krishsharma/Library/Developer/Xcode/DerivedData/NimbleEdgeAssistant-emwarzxnolejvofabqxncqwtytol/Build/Products/Debug-iphonesimulator/DeliteAI/DeliteAI.framework/Headers

CpHeader /Users/krishsharma/Library/Developer/Xcode/DerivedData/NimbleEdgeAssistant-emwarzxnolejvofabqxncqwtytol/Build/Products/Debug-iphonesimulator/DeliteAI/DeliteAI.framework/Headers/executor_structs.h /Users/krishsharma/Downloads/deliteAI/sdks/ios/deliteAI/Classes/sources/impl/controller/include/executor_structs.h (in target 'DeliteAI' from project 'Pods')
    cd /Users/krishsharma/Downloads/deliteAI/Pods
    builtin-copy -exclude .DS_Store -exclude CVS -exclude .svn -exclude .git -exclude .hg -resolve-src-symlinks /Users/krishsharma/Downloads/deliteAI/sdks/ios/deliteAI/Classes/sources/impl/controller/include/executor_structs.h /Users/krishsharma/Library/Developer/Xcode/DerivedData/NimbleEdgeAssistant-emwarzxnolejvofabqxncqwtytol/Build/Products/Debug-iphonesimulator/DeliteAI/DeliteAI.framework/Headers

CpHeader /Users/krishsharma/Library/Developer/Xcode/DerivedData/NimbleEdgeAssistant-emwarzxnolejvofabqxncqwtytol/Build/Products/Debug-iphonesimulator/DeliteAI/DeliteAI.framework/Headers/deliteAI.h /Users/krishsharma/Downloads/deliteAI/sdks/ios/deliteAI/Classes/deliteAI.h (in target 'DeliteAI' from project 'Pods')
    cd /Users/krishsharma/Downloads/deliteAI/Pods
    builtin-copy -exclude .DS_Store -exclude CVS -exclude .svn -exclude .git -exclude .hg -resolve-src-symlinks /Users/krishsharma/Downloads/deliteAI/sdks/ios/deliteAI/Classes/deliteAI.h /Users/krishsharma/Library/Developer/Xcode/DerivedData/NimbleEdgeAssistant-emwarzxnolejvofabqxncqwtytol/Build/Products/Debug-iphonesimulator/DeliteAI/DeliteAI.framework/Headers

CpHeader /Users/krishsharma/Library/Developer/Xcode/DerivedData/NimbleEdgeAssistant-emwarzxnolejvofabqxncqwtytol/Build/Products/Debug-iphonesimulator/Pods_NimbleEdgeAssistant.framework/Headers/Pods-NimbleEdgeAssistant-umbrella.h /Users/krishsharma/Downloads/deliteAI/Pods/Target\ Support\ Files/Pods-NimbleEdgeAssistant/Pods-NimbleEdgeAssistant-umbrella.h (in target 'Pods-NimbleEdgeAssistant' from project 'Pods')
    cd /Users/krishsharma/Downloads/deliteAI/Pods
    builtin-copy -exclude .DS_Store -exclude CVS -exclude .svn -exclude .git -exclude .hg -resolve-src-symlinks /Users/krishsharma/Downloads/deliteAI/Pods/Target\ Support\ Files/Pods-NimbleEdgeAssistant/Pods-NimbleEdgeAssistant-umbrella.h /Users/krishsharma/Library/Developer/Xcode/DerivedData/NimbleEdgeAssistant-emwarzxnolejvofabqxncqwtytol/Build/Products/Debug-iphonesimulator/Pods_NimbleEdgeAssistant.framework/Headers

CpHeader /Users/krishsharma/Library/Developer/Xcode/DerivedData/NimbleEdgeAssistant-emwarzxnolejvofabqxncqwtytol/Build/Products/Debug-iphonesimulator/DeliteAI/DeliteAI.framework/Headers/OutputConverter.h /Users/krishsharma/Downloads/deliteAI/sdks/ios/deliteAI/Classes/sources/impl/controller/converter/OutputConverter.h (in target 'DeliteAI' from project 'Pods')
    cd /Users/krishsharma/Downloads/deliteAI/Pods
    builtin-copy -exclude .DS_Store -exclude CVS -exclude .svn -exclude .git -exclude .hg -resolve-src-symlinks /Users/krishsharma/Downloads/deliteAI/sdks/ios/deliteAI/Classes/sources/impl/controller/converter/OutputConverter.h /Users/krishsharma/Library/Developer/Xcode/DerivedData/NimbleEdgeAssistant-emwarzxnolejvofabqxncqwtytol/Build/Products/Debug-iphonesimulator/DeliteAI/DeliteAI.framework/Headers

CpHeader /Users/krishsharma/Library/Developer/Xcode/DerivedData/NimbleEdgeAssistant-emwarzxnolejvofabqxncqwtytol/Build/Products/Debug-iphonesimulator/DeliteAI/DeliteAI.framework/Headers/InputConverter.h /Users/krishsharma/Downloads/deliteAI/sdks/ios/deliteAI/Classes/sources/impl/controller/converter/InputConverter.h (in target 'DeliteAI' from project 'Pods')
    cd /Users/krishsharma/Downloads/deliteAI/Pods
    builtin-copy -exclude .DS_Store -exclude CVS -exclude .svn -exclude .git -exclude .hg -resolve-src-symlinks /Users/krishsharma/Downloads/deliteAI/sdks/ios/deliteAI/Classes/sources/impl/controller/converter/InputConverter.h /Users/krishsharma/Library/Developer/Xcode/DerivedData/NimbleEdgeAssistant-emwarzxnolejvofabqxncqwtytol/Build/Products/Debug-iphonesimulator/DeliteAI/DeliteAI.framework/Headers

CpHeader /Users/krishsharma/Library/Developer/Xcode/DerivedData/NimbleEdgeAssistant-emwarzxnolejvofabqxncqwtytol/Build/Products/Debug-iphonesimulator/DeliteAI/DeliteAI.framework/Headers/NimbleNetController.h /Users/krishsharma/Downloads/deliteAI/sdks/ios/deliteAI/Classes/sources/impl/controller/NimbleNetController.h (in target 'DeliteAI' from project 'Pods')
    cd /Users/krishsharma/Downloads/deliteAI/Pods
    builtin-copy -exclude .DS_Store -exclude CVS -exclude .svn -exclude .git -exclude .hg -resolve-src-symlinks /Users/krishsharma/Downloads/deliteAI/sdks/ios/deliteAI/Classes/sources/impl/controller/NimbleNetController.h /Users/krishsharma/Library/Developer/Xcode/DerivedData/NimbleEdgeAssistant-emwarzxnolejvofabqxncqwtytol/Build/Products/Debug-iphonesimulator/DeliteAI/DeliteAI.framework/Headers

CpHeader /Users/krishsharma/Library/Developer/Xcode/DerivedData/NimbleEdgeAssistant-emwarzxnolejvofabqxncqwtytol/Build/Products/Debug-iphonesimulator/DeliteAI/DeliteAI.framework/Headers/FunctionPointersImpl.h /Users/krishsharma/Downloads/deliteAI/sdks/ios/deliteAI/Classes/sources/impl/controller/interactor/FunctionPointersImpl.h (in target 'DeliteAI' from project 'Pods')
    cd /Users/krishsharma/Downloads/deliteAI/Pods
    builtin-copy -exclude .DS_Store -exclude CVS -exclude .svn -exclude .git -exclude .hg -resolve-src-symlinks /Users/krishsharma/Downloads/deliteAI/sdks/ios/deliteAI/Classes/sources/impl/controller/interactor/FunctionPointersImpl.h /Users/krishsharma/Library/Developer/Xcode/DerivedData/NimbleEdgeAssistant-emwarzxnolejvofabqxncqwtytol/Build/Products/Debug-iphonesimulator/DeliteAI/DeliteAI.framework/Headers

CpHeader /Users/krishsharma/Library/Developer/Xcode/DerivedData/NimbleEdgeAssistant-emwarzxnolejvofabqxncqwtytol/Build/Products/Debug-iphonesimulator/DeliteAI/DeliteAI.framework/Headers/ErrorUtility.h /Users/krishsharma/Downloads/deliteAI/sdks/ios/deliteAI/Classes/sources/impl/common/util/errorUtili/ErrorUtility.h (in target 'DeliteAI' from project 'Pods')
    cd /Users/krishsharma/Downloads/deliteAI/Pods
    builtin-copy -exclude .DS_Store -exclude CVS -exclude .svn -exclude .git -exclude .hg -resolve-src-symlinks /Users/krishsharma/Downloads/deliteAI/sdks/ios/deliteAI/Classes/sources/impl/common/util/errorUtili/ErrorUtility.h /Users/krishsharma/Library/Developer/Xcode/DerivedData/NimbleEdgeAssistant-emwarzxnolejvofabqxncqwtytol/Build/Products/Debug-iphonesimulator/DeliteAI/DeliteAI.framework/Headers

CpHeader /Users/krishsharma/Library/Developer/Xcode/DerivedData/NimbleEdgeAssistant-emwarzxnolejvofabqxncqwtytol/Build/Products/Debug-iphonesimulator/DeliteAI/DeliteAI.framework/Headers/DeliteAI-umbrella.h /Users/krishsharma/Downloads/deliteAI/Pods/Target\ Support\ Files/DeliteAI/DeliteAI-umbrella.h (in target 'DeliteAI' from project 'Pods')
    cd /Users/krishsharma/Downloads/deliteAI/Pods
    builtin-copy -exclude .DS_Store -exclude CVS -exclude .svn -exclude .git -exclude .hg -resolve-src-symlinks /Users/krishsharma/Downloads/deliteAI/Pods/Target\ Support\ Files/DeliteAI/DeliteAI-umbrella.h /Users/krishsharma/Library/Developer/Xcode/DerivedData/NimbleEdgeAssistant-emwarzxnolejvofabqxncqwtytol/Build/Products/Debug-iphonesimulator/DeliteAI/DeliteAI.framework/Headers

CpHeader /Users/krishsharma/Library/Developer/Xcode/DerivedData/NimbleEdgeAssistant-emwarzxnolejvofabqxncqwtytol/Build/Products/Debug-iphonesimulator/DeliteAI/DeliteAI.framework/Headers/CrashReporterUtil.h /Users/krishsharma/Downloads/deliteAI/sdks/ios/deliteAI/Classes/sources/impl/common/util/crashReporterUtil/CrashReporterUtil.h (in target 'DeliteAI' from project 'Pods')
    cd /Users/krishsharma/Downloads/deliteAI/Pods
    builtin-copy -exclude .DS_Store -exclude CVS -exclude .svn -exclude .git -exclude .hg -resolve-src-symlinks /Users/krishsharma/Downloads/deliteAI/sdks/ios/deliteAI/Classes/sources/impl/common/util/crashReporterUtil/CrashReporterUtil.h /Users/krishsharma/Library/Developer/Xcode/DerivedData/NimbleEdgeAssistant-emwarzxnolejvofabqxncqwtytol/Build/Products/Debug-iphonesimulator/DeliteAI/DeliteAI.framework/Headers

Copy /Users/krishsharma/Library/Developer/Xcode/DerivedData/NimbleEdgeAssistant-emwarzxnolejvofabqxncqwtytol/Build/Products/Debug-iphonesimulator/DeliteAI/DeliteAI.framework/Modules/module.modulemap /Users/krishsharma/Library/Developer/Xcode/DerivedData/NimbleEdgeAssistant-emwarzxnolejvofabqxncqwtytol/Build/Intermediates.noindex/Pods.build/Debug-iphonesimulator/DeliteAI.build/module.modulemap (in target 'DeliteAI' from project 'Pods')
    cd /Users/krishsharma/Downloads/deliteAI/Pods
    builtin-copy -exclude .DS_Store -exclude CVS -exclude .svn -exclude .git -exclude .hg -resolve-src-symlinks /Users/krishsharma/Library/Developer/Xcode/DerivedData/NimbleEdgeAssistant-emwarzxnolejvofabqxncqwtytol/Build/Intermediates.noindex/Pods.build/Debug-iphonesimulator/DeliteAI.build/module.modulemap /Users/krishsharma/Library/Developer/Xcode/DerivedData/NimbleEdgeAssistant-emwarzxnolejvofabqxncqwtytol/Build/Products/Debug-iphonesimulator/DeliteAI/DeliteAI.framework/Modules

Copy /Users/krishsharma/Library/Developer/Xcode/DerivedData/NimbleEdgeAssistant-emwarzxnolejvofabqxncqwtytol/Build/Products/Debug-iphonesimulator/Alamofire/Alamofire.framework/Modules/module.modulemap /Users/krishsharma/Library/Developer/Xcode/DerivedData/NimbleEdgeAssistant-emwarzxnolejvofabqxncqwtytol/Build/Intermediates.noindex/Pods.build/Debug-iphonesimulator/Alamofire.build/module.modulemap (in target 'Alamofire' from project 'Pods')
    cd /Users/krishsharma/Downloads/deliteAI/Pods
    builtin-copy -exclude .DS_Store -exclude CVS -exclude .svn -exclude .git -exclude .hg -resolve-src-symlinks /Users/krishsharma/Library/Developer/Xcode/DerivedData/NimbleEdgeAssistant-emwarzxnolejvofabqxncqwtytol/Build/Intermediates.noindex/Pods.build/Debug-iphonesimulator/Alamofire.build/module.modulemap /Users/krishsharma/Library/Developer/Xcode/DerivedData/NimbleEdgeAssistant-emwarzxnolejvofabqxncqwtytol/Build/Products/Debug-iphonesimulator/Alamofire/Alamofire.framework/Modules

ProcessInfoPlistFile /Users/krishsharma/Library/Developer/Xcode/DerivedData/NimbleEdgeAssistant-emwarzxnolejvofabqxncqwtytol/Build/Products/Debug-iphonesimulator/SwiftProtobuf/SwiftProtobuf.bundle/Info.plist /Users/krishsharma/Downloads/deliteAI/Pods/Target\ Support\ Files/SwiftProtobuf/ResourceBundle-SwiftProtobuf-SwiftProtobuf-Info.plist (in target 'SwiftProtobuf-SwiftProtobuf' from project 'Pods')
    cd /Users/krishsharma/Downloads/deliteAI/Pods
    builtin-infoPlistUtility /Users/krishsharma/Downloads/deliteAI/Pods/Target\ Support\ Files/SwiftProtobuf/ResourceBundle-SwiftProtobuf-SwiftProtobuf-Info.plist -producttype com.apple.product-type.bundle -expandbuildsettings -format binary -platform iphonesimulator -o /Users/krishsharma/Library/Developer/Xcode/DerivedData/NimbleEdgeAssistant-emwarzxnolejvofabqxncqwtytol/Build/Products/Debug-iphonesimulator/SwiftProtobuf/SwiftProtobuf.bundle/Info.plist

ProcessInfoPlistFile /Users/krishsharma/Library/Developer/Xcode/DerivedData/NimbleEdgeAssistant-emwarzxnolejvofabqxncqwtytol/Build/Products/Debug-iphonesimulator/PLCrashReporter/PLCrashReporter.bundle/Info.plist /Users/krishsharma/Downloads/deliteAI/Pods/Target\ Support\ Files/PLCrashReporter/ResourceBundle-PLCrashReporter-PLCrashReporter-Info.plist (in target 'PLCrashReporter-PLCrashReporter' from project 'Pods')
    cd /Users/krishsharma/Downloads/deliteAI/Pods
    builtin-infoPlistUtility /Users/krishsharma/Downloads/deliteAI/Pods/Target\ Support\ Files/PLCrashReporter/ResourceBundle-PLCrashReporter-PLCrashReporter-Info.plist -producttype com.apple.product-type.bundle -expandbuildsettings -format binary -platform iphonesimulator -o /Users/krishsharma/Library/Developer/Xcode/DerivedData/NimbleEdgeAssistant-emwarzxnolejvofabqxncqwtytol/Build/Products/Debug-iphonesimulator/PLCrashReporter/PLCrashReporter.bundle/Info.plist

ProcessInfoPlistFile /Users/krishsharma/Library/Developer/Xcode/DerivedData/NimbleEdgeAssistant-emwarzxnolejvofabqxncqwtytol/Build/Products/Debug-iphonesimulator/Alamofire/Alamofire.bundle/Info.plist /Users/krishsharma/Downloads/deliteAI/Pods/Target\ Support\ Files/Alamofire/ResourceBundle-Alamofire-Alamofire-Info.plist (in target 'Alamofire-Alamofire' from project 'Pods')
    cd /Users/krishsharma/Downloads/deliteAI/Pods
    builtin-infoPlistUtility /Users/krishsharma/Downloads/deliteAI/Pods/Target\ Support\ Files/Alamofire/ResourceBundle-Alamofire-Alamofire-Info.plist -producttype com.apple.product-type.bundle -expandbuildsettings -format binary -platform iphonesimulator -o /Users/krishsharma/Library/Developer/Xcode/DerivedData/NimbleEdgeAssistant-emwarzxnolejvofabqxncqwtytol/Build/Products/Debug-iphonesimulator/Alamofire/Alamofire.bundle/Info.plist

CpResource /Users/krishsharma/Library/Developer/Xcode/DerivedData/NimbleEdgeAssistant-emwarzxnolejvofabqxncqwtytol/Build/Products/Debug-iphonesimulator/PLCrashReporter/PLCrashReporter.bundle/PrivacyInfo.xcprivacy /Users/krishsharma/Downloads/deliteAI/Pods/PLCrashReporter/CrashReporter.xcframework/PrivacyInfo.xcprivacy (in target 'PLCrashReporter-PLCrashReporter' from project 'Pods')
    cd /Users/krishsharma/Downloads/deliteAI/Pods
    builtin-copy -exclude .DS_Store -exclude CVS -exclude .svn -exclude .git -exclude .hg -resolve-src-symlinks /Users/krishsharma/Downloads/deliteAI/Pods/PLCrashReporter/CrashReporter.xcframework/PrivacyInfo.xcprivacy /Users/krishsharma/Library/Developer/Xcode/DerivedData/NimbleEdgeAssistant-emwarzxnolejvofabqxncqwtytol/Build/Products/Debug-iphonesimulator/PLCrashReporter/PLCrashReporter.bundle

CpResource /Users/krishsharma/Library/Developer/Xcode/DerivedData/NimbleEdgeAssistant-emwarzxnolejvofabqxncqwtytol/Build/Products/Debug-iphonesimulator/SwiftProtobuf/SwiftProtobuf.bundle/PrivacyInfo.xcprivacy /Users/krishsharma/Downloads/deliteAI/Pods/SwiftProtobuf/Sources/SwiftProtobuf/PrivacyInfo.xcprivacy (in target 'SwiftProtobuf-SwiftProtobuf' from project 'Pods')
    cd /Users/krishsharma/Downloads/deliteAI/Pods
    builtin-copy -exclude .DS_Store -exclude CVS -exclude .svn -exclude .git -exclude .hg -resolve-src-symlinks /Users/krishsharma/Downloads/deliteAI/Pods/SwiftProtobuf/Sources/SwiftProtobuf/PrivacyInfo.xcprivacy /Users/krishsharma/Library/Developer/Xcode/DerivedData/NimbleEdgeAssistant-emwarzxnolejvofabqxncqwtytol/Build/Products/Debug-iphonesimulator/SwiftProtobuf/SwiftProtobuf.bundle

CpResource /Users/krishsharma/Library/Developer/Xcode/DerivedData/NimbleEdgeAssistant-emwarzxnolejvofabqxncqwtytol/Build/Products/Debug-iphonesimulator/Alamofire/Alamofire.bundle/PrivacyInfo.xcprivacy /Users/krishsharma/Downloads/deliteAI/Pods/Alamofire/Source/PrivacyInfo.xcprivacy (in target 'Alamofire-Alamofire' from project 'Pods')
    cd /Users/krishsharma/Downloads/deliteAI/Pods
    builtin-copy -exclude .DS_Store -exclude CVS -exclude .svn -exclude .git -exclude .hg -resolve-src-symlinks /Users/krishsharma/Downloads/deliteAI/Pods/Alamofire/Source/PrivacyInfo.xcprivacy /Users/krishsharma/Library/Developer/Xcode/DerivedData/NimbleEdgeAssistant-emwarzxnolejvofabqxncqwtytol/Build/Products/Debug-iphonesimulator/Alamofire/Alamofire.bundle

Copy /Users/krishsharma/Library/Developer/Xcode/DerivedData/NimbleEdgeAssistant-emwarzxnolejvofabqxncqwtytol/Build/Products/Debug-iphonesimulator/Pods_NimbleEdgeAssistant.framework/Modules/module.modulemap /Users/krishsharma/Library/Developer/Xcode/DerivedData/NimbleEdgeAssistant-emwarzxnolejvofabqxncqwtytol/Build/Intermediates.noindex/Pods.build/Debug-iphonesimulator/Pods-NimbleEdgeAssistant.build/module.modulemap (in target 'Pods-NimbleEdgeAssistant' from project 'Pods')
    cd /Users/krishsharma/Downloads/deliteAI/Pods
    builtin-copy -exclude .DS_Store -exclude CVS -exclude .svn -exclude .git -exclude .hg -resolve-src-symlinks /Users/krishsharma/Library/Developer/Xcode/DerivedData/NimbleEdgeAssistant-emwarzxnolejvofabqxncqwtytol/Build/Intermediates.noindex/Pods.build/Debug-iphonesimulator/Pods-NimbleEdgeAssistant.build/module.modulemap /Users/krishsharma/Library/Developer/Xcode/DerivedData/NimbleEdgeAssistant-emwarzxnolejvofabqxncqwtytol/Build/Products/Debug-iphonesimulator/Pods_NimbleEdgeAssistant.framework/Modules

ProcessInfoPlistFile /Users/krishsharma/Library/Developer/Xcode/DerivedData/NimbleEdgeAssistant-emwarzxnolejvofabqxncqwtytol/Build/Products/Debug-iphonesimulator/SwiftProtobuf/SwiftProtobuf.framework/Info.plist /Users/krishsharma/Downloads/deliteAI/Pods/Target\ Support\ Files/SwiftProtobuf/SwiftProtobuf-Info.plist (in target 'SwiftProtobuf' from project 'Pods')
    cd /Users/krishsharma/Downloads/deliteAI/Pods
    builtin-infoPlistUtility /Users/krishsharma/Downloads/deliteAI/Pods/Target\ Support\ Files/SwiftProtobuf/SwiftProtobuf-Info.plist -producttype com.apple.product-type.framework -expandbuildsettings -format binary -platform iphonesimulator -o /Users/krishsharma/Library/Developer/Xcode/DerivedData/NimbleEdgeAssistant-emwarzxnolejvofabqxncqwtytol/Build/Products/Debug-iphonesimulator/SwiftProtobuf/SwiftProtobuf.framework/Info.plist

ProcessInfoPlistFile /Users/krishsharma/Library/Developer/Xcode/DerivedData/NimbleEdgeAssistant-emwarzxnolejvofabqxncqwtytol/Build/Products/Debug-iphonesimulator/Alamofire/Alamofire.framework/Info.plist /Users/krishsharma/Downloads/deliteAI/Pods/Target\ Support\ Files/Alamofire/Alamofire-Info.plist (in target 'Alamofire' from project 'Pods')
    cd /Users/krishsharma/Downloads/deliteAI/Pods
    builtin-infoPlistUtility /Users/krishsharma/Downloads/deliteAI/Pods/Target\ Support\ Files/Alamofire/Alamofire-Info.plist -producttype com.apple.product-type.framework -expandbuildsettings -format binary -platform iphonesimulator -o /Users/krishsharma/Library/Developer/Xcode/DerivedData/NimbleEdgeAssistant-emwarzxnolejvofabqxncqwtytol/Build/Products/Debug-iphonesimulator/Alamofire/Alamofire.framework/Info.plist

PhaseScriptExecution [CP]\ Copy\ XCFrameworks /Users/krishsharma/Library/Developer/Xcode/DerivedData/NimbleEdgeAssistant-emwarzxnolejvofabqxncqwtytol/Build/Intermediates.noindex/Pods.build/Debug-iphonesimulator/PLCrashReporter.build/Script-D7CE3EBDC139C76FDE7840D045399F87.sh (in target 'PLCrashReporter' from project 'Pods')
    cd /Users/krishsharma/Downloads/deliteAI/Pods
    /bin/sh -c /Users/krishsharma/Library/Developer/Xcode/DerivedData/NimbleEdgeAssistant-emwarzxnolejvofabqxncqwtytol/Build/Intermediates.noindex/Pods.build/Debug-iphonesimulator/PLCrashReporter.build/Script-D7CE3EBDC139C76FDE7840D045399F87.sh
Selected xcframework slice ios-arm64_x86_64-simulator
rsync --delete -av --filter P .*.?????? --links --filter "- CVS/" --filter "- .svn/" --filter "- .git/" --filter "- .hg/" "/Users/krishsharma/Downloads/deliteAI/Pods/PLCrashReporter/CrashReporter.xcframework/ios-arm64_x86_64-simulator/*" "/Users/krishsharma/Library/Developer/Xcode/DerivedData/NimbleEdgeAssistant-emwarzxnolejvofabqxncqwtytol/Build/Products/Debug-iphonesimulator/XCFrameworkIntermediates/PLCrashReporter"
Transfer starting: 35 files

sent 2783 bytes  received 20 bytes  904193 bytes/sec
total size is 4265602  speedup is 1521.80
Copied /Users/krishsharma/Downloads/deliteAI/Pods/PLCrashReporter/CrashReporter.xcframework/ios-arm64_x86_64-simulator to /Users/krishsharma/Library/Developer/Xcode/DerivedData/NimbleEdgeAssistant-emwarzxnolejvofabqxncqwtytol/Build/Products/Debug-iphonesimulator/XCFrameworkIntermediates/PLCrashReporter

